<?xml version="1.0" encoding="UTF-8"?>
<testng-results ignored="0" total="1" passed="1" failed="0" skipped="0">
  <reporter-output>
  </reporter-output>
  <suite started-at="2026-02-14T01:31:59 IST" name="Default suite" finished-at="2026-02-14T01:32:45 IST" duration-ms="45756">
    <groups>
      <group name="cucumber">
        <method signature="AbstractTestNGCucumberTests.runScenario(io.cucumber.testng.PickleWrapper,io.cucumber.testng.FeatureWrapper)[pri:0, instance:cucumberoption.TestRunner@9cb8225]" name="runScenario" class="io.cucumber.testng.AbstractTestNGCucumberTests"/>
      </group> <!-- cucumber -->
    </groups>
    <test started-at="2026-02-14T01:31:59 IST" name="Default test" finished-at="2026-02-14T01:32:45 IST" duration-ms="45756">
      <class name="cucumberoption.TestRunner">
        <test-method is-config="true" signature="setUpClass(org.testng.ITestContext)[pri:0, instance:cucumberoption.TestRunner@9cb8225]" started-at="2026-02-14T01:31:59 IST" name="setUpClass" finished-at="2026-02-14T01:31:59 IST" duration-ms="279" status="PASS">
          <params>
            <param index="0">
              <value>
                <![CDATA[org.testng.TestRunner@59ce792e]]>
              </value>
            </param>
          </params>
          <reporter-output>
          </reporter-output>
        </test-method> <!-- setUpClass -->
        <test-method signature="runScenario(io.cucumber.testng.PickleWrapper,io.cucumber.testng.FeatureWrapper)[pri:0, instance:cucumberoption.TestRunner@9cb8225]" started-at="2026-02-14T01:31:59 IST" name="runScenario" description="Runs Cucumber Scenarios" data-provider="scenarios" finished-at="2026-02-14T01:32:45 IST" duration-ms="45410" status="PASS">
          <params>
            <param index="0">
              <value>
                <![CDATA["Validate booking price filter works"]]>
              </value>
            </param>
            <param index="1">
              <value>
                <![CDATA["Booking functionality"]]>
              </value>
            </param>
          </params>
          <reporter-output>
          </reporter-output>
        </test-method> <!-- runScenario -->
        <test-method is-config="true" signature="tearDownClass()[pri:0, instance:cucumberoption.TestRunner@9cb8225]" started-at="2026-02-14T01:32:45 IST" name="tearDownClass" finished-at="2026-02-14T01:32:45 IST" duration-ms="3" status="PASS">
          <reporter-output>
          </reporter-output>
        </test-method> <!-- tearDownClass -->
      </class> <!-- cucumberoption.TestRunner -->
    </test> <!-- Default test -->
  </suite> <!-- Default suite -->
</testng-results>
